Using pre-set license
Built from '2020.3/staging' branch; Version is '2020.3.4f1 (0abb6314276a) revision 703331'; Using compiler version '192528614'; Build Type 'Release'
OS: 'Windows 10 Enterprise LTSC 2019; OS build 17763.1339; Version 1809; 64bit' Language: 'ru' Physical Memory: 7549 MB
BatchMode: 1, IsHumanControllingUs: 0, StartBugReporterOnCrash: 0, Is64bit: 1, IsPro: 0

 COMMAND LINE ARGUMENTS:
C:\Program Files\Unity\Hub\Editor\2020.3.4f1\Editor\Unity.exe
-adb2
-batchMode
-noUpm
-name
AssetImportWorker0
-projectPath
D:/UnityProjects/Circles&Cubes
-logFile
Logs/AssetImportWorker0.log
-srvPort
50764
Successfully changed project path to: D:/UnityProjects/Circles&Cubes
D:/UnityProjects/Circles&Cubes
Using Asset Import Pipeline V2.
Refreshing native plugins compatible for Editor in 40.64 ms, found 1 plugins.
Preloading 0 native plugins for Editor in 0.00 ms.
Initialize engine version: 2020.3.4f1 (0abb6314276a)
[Subsystems] Discovering subsystems at path C:/Program Files/Unity/Hub/Editor/2020.3.4f1/Editor/Data/Resources/UnitySubsystems
[Subsystems] Discovering subsystems at path D:/UnityProjects/Circles&Cubes/Assets
GfxDevice: creating device client; threaded=0
Direct3D:
    Version:  Direct3D 11.0 [level 11.1]
    Renderer: NVIDIA GeForce GTX 1650 (ID=0x1f99)
    Vendor:   
    VRAM:     3962 MB
    Driver:   30.0.14.9649
Initialize mono
Mono path[0] = 'C:/Program Files/Unity/Hub/Editor/2020.3.4f1/Editor/Data/Managed'
Mono path[1] = 'C:/Program Files/Unity/Hub/Editor/2020.3.4f1/Editor/Data/MonoBleedingEdge/lib/mono/unityjit'
Mono config path = 'C:/Program Files/Unity/Hub/Editor/2020.3.4f1/Editor/Data/MonoBleedingEdge/etc'
Using monoOptions --debugger-agent=transport=dt_socket,embedding=1,server=y,suspend=n,address=127.0.0.1:56980
Begin MonoManager ReloadAssembly
Registering precompiled unity dll's ...
Register platform support module: C:/Program Files/Unity/Hub/Editor/2020.3.4f1/Editor/Data/PlaybackEngines/WebGLSupport/UnityEditor.WebGL.Extensions.dll
Register platform support module: C:/Program Files/Unity/Hub/Editor/2020.3.4f1/Editor/Data/PlaybackEngines/WindowsStandaloneSupport/UnityEditor.WindowsStandalone.Extensions.dll
Registered in 0.001093 seconds.
Native extension for WindowsStandalone target not found
Native extension for WebGL target not found
Refreshing native plugins compatible for Editor in 36.26 ms, found 1 plugins.
Preloading 0 native plugins for Editor in 0.00 ms.
Mono: successfully reloaded assembly
- Completed reload, in  3.277 seconds
Platform modules already initialized, skipping
Registering precompiled user dll's ...
Registered in 0.000853 seconds.
Begin MonoManager ReloadAssembly
Native extension for WindowsStandalone target not found
Native extension for WebGL target not found
Refreshing native plugins compatible for Editor in 34.41 ms, found 1 plugins.
Preloading 0 native plugins for Editor in 0.00 ms.
Mono: successfully reloaded assembly
- Completed reload, in  0.808 seconds
Platform modules already initialized, skipping
========================================================================
Worker process is ready to serve import requests
Launched and connected shader compiler UnityShaderCompiler.exe after 0.04 seconds
Refreshing native plugins compatible for Editor in 0.35 ms, found 1 plugins.
Preloading 0 native plugins for Editor in 0.00 ms.
Unloading 1816 Unused Serialized files (Serialized files now loaded: 0)
System memory in use before: 85.2 MB.
System memory in use after: 85.1 MB.

Unloading 24 unused Assets to reduce memory usage. Loaded Objects now: 2259.
Total: 2.553700 ms (FindLiveObjects: 0.330900 ms CreateObjectMapping: 0.118400 ms MarkObjects: 1.974600 ms  DeleteObjects: 0.127800 ms)

========================================================================
Received Import Request.
  path: Assets/Prefabs/Figures/Circle.prefab
  artifactKey: Guid(ad95c032cbeba2d4bba802b5bb611ffd) Importer(815301076,1909f56bfc062723c751e8b465ee728b)
Start importing Assets/Prefabs/Figures/Circle.prefab using Guid(ad95c032cbeba2d4bba802b5bb611ffd) Importer(815301076,1909f56bfc062723c751e8b465ee728b)  -> (artifact id: '9e4f547d0b32645e7c202562f8b87f52') in 0.042328 seconds
  Import took 0.045918 seconds .

========================================================================
Received Import Request.
  Time since last request: 2.769799 seconds.
  path: Assets/Prefabs/Figures/Cube.prefab
  artifactKey: Guid(36ff6bcbb56176d47a64e4c690b0ceb2) Importer(815301076,1909f56bfc062723c751e8b465ee728b)
Start importing Assets/Prefabs/Figures/Cube.prefab using Guid(36ff6bcbb56176d47a64e4c690b0ceb2) Importer(815301076,1909f56bfc062723c751e8b465ee728b)  -> (artifact id: '5e115fcffdec1dd4152ad6334a7eb572') in 0.002965 seconds
  Import took 0.006691 seconds .

========================================================================
Received Import Request.
  Time since last request: 1.610105 seconds.
  path: Assets/Prefabs/Figures/Cube.prefab
  artifactKey: Guid(36ff6bcbb56176d47a64e4c690b0ceb2) Importer(815301076,1909f56bfc062723c751e8b465ee728b)
Start importing Assets/Prefabs/Figures/Cube.prefab using Guid(36ff6bcbb56176d47a64e4c690b0ceb2) Importer(815301076,1909f56bfc062723c751e8b465ee728b)  -> (artifact id: '42acc5254e6e8512c5452244fe364e55') in 0.002851 seconds
  Import took 0.006615 seconds .

========================================================================
Received Import Request.
  Time since last request: 5.648820 seconds.
  path: Assets/Prefabs/Figures/Triangle.prefab
  artifactKey: Guid(d1f9c493dfea1754fa0b514036860063) Importer(815301076,1909f56bfc062723c751e8b465ee728b)
Start importing Assets/Prefabs/Figures/Triangle.prefab using Guid(d1f9c493dfea1754fa0b514036860063) Importer(815301076,1909f56bfc062723c751e8b465ee728b)  -> (artifact id: 'e09300bd3e9318a53b70fa3bd100c134') in 0.003288 seconds
  Import took 0.006988 seconds .

========================================================================
Received Import Request.
  Time since last request: 2.831198 seconds.
  path: Assets/Prefabs/Figures/Triangle.prefab
  artifactKey: Guid(d1f9c493dfea1754fa0b514036860063) Importer(815301076,1909f56bfc062723c751e8b465ee728b)
Start importing Assets/Prefabs/Figures/Triangle.prefab using Guid(d1f9c493dfea1754fa0b514036860063) Importer(815301076,1909f56bfc062723c751e8b465ee728b)  -> (artifact id: 'a47c91f9a9c455fadf43b4fcf02bee96') in 0.002633 seconds
  Import took 0.006468 seconds .

========================================================================
Received Import Request.
  Time since last request: 5.721281 seconds.
  path: Assets/Prefabs/Levels/Level1.prefab
  artifactKey: Guid(abe4ba4c8c7b9db48b501b8d7326dbce) Importer(815301076,1909f56bfc062723c751e8b465ee728b)
Start importing Assets/Prefabs/Levels/Level1.prefab using Guid(abe4ba4c8c7b9db48b501b8d7326dbce) Importer(815301076,1909f56bfc062723c751e8b465ee728b)  -> (artifact id: '6a96f855b7ad4773a913f6c8cf42e52a') in 0.003364 seconds
  Import took 0.008165 seconds .

========================================================================
Received Import Request.
  Time since last request: 0.000413 seconds.
  path: Assets/Prefabs/Levels/Level2.prefab
  artifactKey: Guid(773f3611fad21be45aed364ca387fb35) Importer(815301076,1909f56bfc062723c751e8b465ee728b)
Start importing Assets/Prefabs/Levels/Level2.prefab using Guid(773f3611fad21be45aed364ca387fb35) Importer(815301076,1909f56bfc062723c751e8b465ee728b)  -> (artifact id: 'd9713b58c3ea1fbedc6c97ab31e4e660') in 0.007239 seconds
  Import took 0.012213 seconds .

========================================================================
Received Import Request.
  Time since last request: 0.000281 seconds.
  path: Assets/Prefabs/Levels/Level3.prefab
  artifactKey: Guid(14c845683804cfb4c82234fbca1f6a99) Importer(815301076,1909f56bfc062723c751e8b465ee728b)
Start importing Assets/Prefabs/Levels/Level3.prefab using Guid(14c845683804cfb4c82234fbca1f6a99) Importer(815301076,1909f56bfc062723c751e8b465ee728b)  -> (artifact id: '0f6c3afabed541fcb1472451f407fde6') in 0.003918 seconds
  Import took 0.007360 seconds .

========================================================================
Received Prepare
Registering precompiled user dll's ...
Registered in 0.000743 seconds.
Begin MonoManager ReloadAssembly
Native extension for WindowsStandalone target not found
Native extension for WebGL target not found
Refreshing native plugins compatible for Editor in 0.40 ms, found 1 plugins.
Preloading 0 native plugins for Editor in 0.00 ms.
Mono: successfully reloaded assembly
- Completed reload, in  0.750 seconds
Platform modules already initialized, skipping
Switching build target platform(5) subTarget(0) extendedPlatform(0) -> platform(13) subTarget(537395200) extendedPlatform(0)
Refreshing native plugins compatible for Editor in 0.39 ms, found 1 plugins.
Preloading 0 native plugins for Editor in 0.00 ms.
Unloading 1814 Unused Serialized files (Serialized files now loaded: 0)
System memory in use before: 85.3 MB.
System memory in use after: 85.3 MB.

Unloading 12 unused Assets to reduce memory usage. Loaded Objects now: 2263.
Total: 2.372400 ms (FindLiveObjects: 0.241500 ms CreateObjectMapping: 0.083600 ms MarkObjects: 1.940700 ms  DeleteObjects: 0.105200 ms)

AssetImportParameters requested are different than current active one (requested -> active):
  custom:graphics/normal-map-encoding: 01000000000000000000000000000000 -> 02000000000000000000000000000000
========================================================================
Received Import Request.
  Time since last request: 67.891568 seconds.
  path: Assets/Prefabs/Levels/Level1.prefab
  artifactKey: Guid(abe4ba4c8c7b9db48b501b8d7326dbce) Importer(815301076,1909f56bfc062723c751e8b465ee728b)
Start importing Assets/Prefabs/Levels/Level1.prefab using Guid(abe4ba4c8c7b9db48b501b8d7326dbce) Importer(815301076,1909f56bfc062723c751e8b465ee728b)  -> (artifact id: 'af5b1cac5c06761aea2d5bd25084a791') in 0.029827 seconds
  Import took 0.033596 seconds .

========================================================================
Received Import Request.
  Time since last request: 2.010117 seconds.
  path: Assets/Prefabs/Levels/Level1.prefab
  artifactKey: Guid(abe4ba4c8c7b9db48b501b8d7326dbce) Importer(815301076,1909f56bfc062723c751e8b465ee728b)
Start importing Assets/Prefabs/Levels/Level1.prefab using Guid(abe4ba4c8c7b9db48b501b8d7326dbce) Importer(815301076,1909f56bfc062723c751e8b465ee728b)  -> (artifact id: '0d9b334c97e10f6953d541a233f7d73d') in 0.003839 seconds
  Import took 0.006960 seconds .

========================================================================
Received Import Request.
  Time since last request: 5.957966 seconds.
  path: Assets/Prefabs/Levels/Level1.prefab
  artifactKey: Guid(abe4ba4c8c7b9db48b501b8d7326dbce) Importer(815301076,1909f56bfc062723c751e8b465ee728b)
Start importing Assets/Prefabs/Levels/Level1.prefab using Guid(abe4ba4c8c7b9db48b501b8d7326dbce) Importer(815301076,1909f56bfc062723c751e8b465ee728b)  -> (artifact id: '91651b166533b49c0376aca08168d3bc') in 0.005082 seconds
  Import took 0.009009 seconds .

========================================================================
Received Import Request.
  Time since last request: 1.601500 seconds.
  path: Assets/Prefabs/Levels/Level1.prefab
  artifactKey: Guid(abe4ba4c8c7b9db48b501b8d7326dbce) Importer(815301076,1909f56bfc062723c751e8b465ee728b)
Start importing Assets/Prefabs/Levels/Level1.prefab using Guid(abe4ba4c8c7b9db48b501b8d7326dbce) Importer(815301076,1909f56bfc062723c751e8b465ee728b)  -> (artifact id: '1251948d551d2415176a6351e73048b4') in 0.003242 seconds
  Import took 0.006497 seconds .

========================================================================
Received Import Request.
  Time since last request: 2.792032 seconds.
  path: Assets/Prefabs/Levels/Level1.prefab
  artifactKey: Guid(abe4ba4c8c7b9db48b501b8d7326dbce) Importer(815301076,1909f56bfc062723c751e8b465ee728b)
Start importing Assets/Prefabs/Levels/Level1.prefab using Guid(abe4ba4c8c7b9db48b501b8d7326dbce) Importer(815301076,1909f56bfc062723c751e8b465ee728b)  -> (artifact id: '1d23b1f507dbd6abbf12f2c8005dbd53') in 0.003566 seconds
  Import took 0.007879 seconds .

========================================================================
Received Import Request.
  Time since last request: 1.812125 seconds.
  path: Assets/Prefabs/Levels/Level1.prefab
  artifactKey: Guid(abe4ba4c8c7b9db48b501b8d7326dbce) Importer(815301076,1909f56bfc062723c751e8b465ee728b)
Start importing Assets/Prefabs/Levels/Level1.prefab using Guid(abe4ba4c8c7b9db48b501b8d7326dbce) Importer(815301076,1909f56bfc062723c751e8b465ee728b)  -> (artifact id: '5d1bfa1fbd82a8fa47b3a7d1da042a6d') in 0.003577 seconds
  Import took 0.007597 seconds .

========================================================================
Received Import Request.
  Time since last request: 5.247842 seconds.
  path: Assets/Prefabs/Levels/Level1.prefab
  artifactKey: Guid(abe4ba4c8c7b9db48b501b8d7326dbce) Importer(815301076,1909f56bfc062723c751e8b465ee728b)
Start importing Assets/Prefabs/Levels/Level1.prefab using Guid(abe4ba4c8c7b9db48b501b8d7326dbce) Importer(815301076,1909f56bfc062723c751e8b465ee728b)  -> (artifact id: 'b5125e23aa6cc41e55749203b0c0fb63') in 0.003855 seconds
  Import took 0.007125 seconds .

========================================================================
Received Import Request.
  Time since last request: 2.419374 seconds.
  path: Assets/Prefabs/Levels/Level1.prefab
  artifactKey: Guid(abe4ba4c8c7b9db48b501b8d7326dbce) Importer(815301076,1909f56bfc062723c751e8b465ee728b)
Start importing Assets/Prefabs/Levels/Level1.prefab using Guid(abe4ba4c8c7b9db48b501b8d7326dbce) Importer(815301076,1909f56bfc062723c751e8b465ee728b)  -> (artifact id: '6f343c8518f49ed151ce9066e04b6a18') in 0.004673 seconds
  Import took 0.008522 seconds .

========================================================================
Received Import Request.
  Time since last request: 4.633401 seconds.
  path: Assets/Prefabs/Levels/Level1.prefab
  artifactKey: Guid(abe4ba4c8c7b9db48b501b8d7326dbce) Importer(815301076,1909f56bfc062723c751e8b465ee728b)
Start importing Assets/Prefabs/Levels/Level1.prefab using Guid(abe4ba4c8c7b9db48b501b8d7326dbce) Importer(815301076,1909f56bfc062723c751e8b465ee728b)  -> (artifact id: '2cc1cea766669c7407a6990601b4b196') in 0.005024 seconds
  Import took 0.009558 seconds .

========================================================================
Received Import Request.
  Time since last request: 48.292223 seconds.
  path: Assets/Prefabs/Levels/Level1.prefab
  artifactKey: Guid(abe4ba4c8c7b9db48b501b8d7326dbce) Importer(815301076,1909f56bfc062723c751e8b465ee728b)
Start importing Assets/Prefabs/Levels/Level1.prefab using Guid(abe4ba4c8c7b9db48b501b8d7326dbce) Importer(815301076,1909f56bfc062723c751e8b465ee728b)  -> (artifact id: '0ffebc87bb38d7ffea71334e346bb23e') in 0.005564 seconds
  Import took 0.009507 seconds .

========================================================================
Received Import Request.
  Time since last request: 2.913984 seconds.
  path: Assets/Prefabs/Levels/Level1.prefab
  artifactKey: Guid(abe4ba4c8c7b9db48b501b8d7326dbce) Importer(815301076,1909f56bfc062723c751e8b465ee728b)
Start importing Assets/Prefabs/Levels/Level1.prefab using Guid(abe4ba4c8c7b9db48b501b8d7326dbce) Importer(815301076,1909f56bfc062723c751e8b465ee728b)  -> (artifact id: '2de8467515861ff20034ea240c7ee187') in 0.004689 seconds
  Import took 0.009074 seconds .

========================================================================
Received Import Request.
  Time since last request: 1.413887 seconds.
  path: Assets/Prefabs/Levels/Level1.prefab
  artifactKey: Guid(abe4ba4c8c7b9db48b501b8d7326dbce) Importer(815301076,1909f56bfc062723c751e8b465ee728b)
Start importing Assets/Prefabs/Levels/Level1.prefab using Guid(abe4ba4c8c7b9db48b501b8d7326dbce) Importer(815301076,1909f56bfc062723c751e8b465ee728b)  -> (artifact id: '6009f8b1251b1977f5feb4a0b83e0762') in 0.003773 seconds
  Import took 0.007000 seconds .

========================================================================
Received Import Request.
  Time since last request: 4.009066 seconds.
  path: Assets/Prefabs/Levels/Level1.prefab
  artifactKey: Guid(abe4ba4c8c7b9db48b501b8d7326dbce) Importer(815301076,1909f56bfc062723c751e8b465ee728b)
Start importing Assets/Prefabs/Levels/Level1.prefab using Guid(abe4ba4c8c7b9db48b501b8d7326dbce) Importer(815301076,1909f56bfc062723c751e8b465ee728b)  -> (artifact id: '51329693a17b8f543b556578dc7d6c95') in 0.003574 seconds
  Import took 0.007393 seconds .

========================================================================
Received Import Request.
  Time since last request: 0.199981 seconds.
  path: Assets/Prefabs/Levels/Level1.prefab
  artifactKey: Guid(abe4ba4c8c7b9db48b501b8d7326dbce) Importer(815301076,1909f56bfc062723c751e8b465ee728b)
Start importing Assets/Prefabs/Levels/Level1.prefab using Guid(abe4ba4c8c7b9db48b501b8d7326dbce) Importer(815301076,1909f56bfc062723c751e8b465ee728b)  -> (artifact id: '2d1ec20a4cf67f62325862cd1f20afc2') in 0.003645 seconds
  Import took 0.007117 seconds .

========================================================================
Received Import Request.
  Time since last request: 1.203983 seconds.
  path: Assets/Prefabs/Levels/Level1.prefab
  artifactKey: Guid(abe4ba4c8c7b9db48b501b8d7326dbce) Importer(815301076,1909f56bfc062723c751e8b465ee728b)
Start importing Assets/Prefabs/Levels/Level1.prefab using Guid(abe4ba4c8c7b9db48b501b8d7326dbce) Importer(815301076,1909f56bfc062723c751e8b465ee728b)  -> (artifact id: 'cb1c68753433663781db1f35e2e20b0c') in 0.003569 seconds
  Import took 0.007942 seconds .

========================================================================
Received Prepare
Registering precompiled user dll's ...
Registered in 0.000662 seconds.
Begin MonoManager ReloadAssembly
Native extension for WindowsStandalone target not found
Native extension for WebGL target not found
Refreshing native plugins compatible for Editor in 0.42 ms, found 1 plugins.
Preloading 0 native plugins for Editor in 0.00 ms.
Mono: successfully reloaded assembly
- Completed reload, in  0.758 seconds
Platform modules already initialized, skipping
Switching build target platform(5) subTarget(0) extendedPlatform(0) -> platform(13) subTarget(537395200) extendedPlatform(0)
Refreshing native plugins compatible for Editor in 0.35 ms, found 1 plugins.
Preloading 0 native plugins for Editor in 0.00 ms.
Unloading 1814 Unused Serialized files (Serialized files now loaded: 0)
System memory in use before: 85.4 MB.
System memory in use after: 85.3 MB.

Unloading 12 unused Assets to reduce memory usage. Loaded Objects now: 2267.
Total: 2.293700 ms (FindLiveObjects: 0.326800 ms CreateObjectMapping: 0.111500 ms MarkObjects: 1.747500 ms  DeleteObjects: 0.105800 ms)

AssetImportParameters requested are different than current active one (requested -> active):
  custom:graphics/normal-map-encoding: 01000000000000000000000000000000 -> 02000000000000000000000000000000
========================================================================
Received Import Request.
  Time since last request: 104.843454 seconds.
  path: Assets/Prefabs/Levels/Level2.prefab
  artifactKey: Guid(773f3611fad21be45aed364ca387fb35) Importer(815301076,1909f56bfc062723c751e8b465ee728b)
Start importing Assets/Prefabs/Levels/Level2.prefab using Guid(773f3611fad21be45aed364ca387fb35) Importer(815301076,1909f56bfc062723c751e8b465ee728b)  -> (artifact id: '6641c52a012c100830668484e812980a') in 0.031221 seconds
  Import took 0.035342 seconds .

========================================================================
Received Import Request.
  Time since last request: 3.451468 seconds.
  path: Assets/Prefabs/Levels/Level2.prefab
  artifactKey: Guid(773f3611fad21be45aed364ca387fb35) Importer(815301076,1909f56bfc062723c751e8b465ee728b)
Start importing Assets/Prefabs/Levels/Level2.prefab using Guid(773f3611fad21be45aed364ca387fb35) Importer(815301076,1909f56bfc062723c751e8b465ee728b)  -> (artifact id: '1744b0363f99f617af4f7df8ce53da2a') in 0.003994 seconds
  Import took 0.009599 seconds .

========================================================================
Received Import Request.
  Time since last request: 0.990789 seconds.
  path: Assets/Prefabs/Levels/Level2.prefab
  artifactKey: Guid(773f3611fad21be45aed364ca387fb35) Importer(815301076,1909f56bfc062723c751e8b465ee728b)
Start importing Assets/Prefabs/Levels/Level2.prefab using Guid(773f3611fad21be45aed364ca387fb35) Importer(815301076,1909f56bfc062723c751e8b465ee728b)  -> (artifact id: '9e63a1a0ef912ccbea5e59ced1df2d0b') in 0.003673 seconds
  Import took 0.007300 seconds .

========================================================================
Received Import Request.
  Time since last request: 5.444124 seconds.
  path: Assets/Prefabs/Levels/Level2.prefab
  artifactKey: Guid(773f3611fad21be45aed364ca387fb35) Importer(815301076,1909f56bfc062723c751e8b465ee728b)
Start importing Assets/Prefabs/Levels/Level2.prefab using Guid(773f3611fad21be45aed364ca387fb35) Importer(815301076,1909f56bfc062723c751e8b465ee728b)  -> (artifact id: '64e9e2d464a9badf8d4028029fa919ed') in 0.003664 seconds
  Import took 0.007676 seconds .

========================================================================
Received Import Request.
  Time since last request: 0.193344 seconds.
  path: Assets/Prefabs/Levels/Level2.prefab
  artifactKey: Guid(773f3611fad21be45aed364ca387fb35) Importer(815301076,1909f56bfc062723c751e8b465ee728b)
Start importing Assets/Prefabs/Levels/Level2.prefab using Guid(773f3611fad21be45aed364ca387fb35) Importer(815301076,1909f56bfc062723c751e8b465ee728b)  -> (artifact id: 'f914f084a2aee1442feab3c645be8471') in 0.003691 seconds
  Import took 0.007763 seconds .

========================================================================
Received Import Request.
  Time since last request: 3.420976 seconds.
  path: Assets/Prefabs/Levels/Level2.prefab
  artifactKey: Guid(773f3611fad21be45aed364ca387fb35) Importer(815301076,1909f56bfc062723c751e8b465ee728b)
Start importing Assets/Prefabs/Levels/Level2.prefab using Guid(773f3611fad21be45aed364ca387fb35) Importer(815301076,1909f56bfc062723c751e8b465ee728b)  -> (artifact id: 'ea723191a00e1df362087d47e545e7f9') in 0.003451 seconds
  Import took 0.007372 seconds .

========================================================================
Received Import Request.
  Time since last request: 2.427496 seconds.
  path: Assets/Prefabs/Levels/Level2.prefab
  artifactKey: Guid(773f3611fad21be45aed364ca387fb35) Importer(815301076,1909f56bfc062723c751e8b465ee728b)
Start importing Assets/Prefabs/Levels/Level2.prefab using Guid(773f3611fad21be45aed364ca387fb35) Importer(815301076,1909f56bfc062723c751e8b465ee728b)  -> (artifact id: '7d2066b8085e99b32d95e5fdb55c7c15') in 0.007308 seconds
  Import took 0.012840 seconds .

========================================================================
Received Import Request.
  Time since last request: 7.245790 seconds.
  path: Assets/Prefabs/Levels/Level2.prefab
  artifactKey: Guid(773f3611fad21be45aed364ca387fb35) Importer(815301076,1909f56bfc062723c751e8b465ee728b)
Start importing Assets/Prefabs/Levels/Level2.prefab using Guid(773f3611fad21be45aed364ca387fb35) Importer(815301076,1909f56bfc062723c751e8b465ee728b)  -> (artifact id: '97f44f637ee00fb3feae02d883a75a50') in 0.003349 seconds
  Import took 0.007938 seconds .

AssetImportWorkerClient::OnTransportError - code=2 error=End of file
