Using pre-set license
Built from '2020.3/staging' branch; Version is '2020.3.4f1 (0abb6314276a) revision 703331'; Using compiler version '192528614'; Build Type 'Release'
OS: 'Windows 10 Enterprise LTSC 2019; OS build 17763.1339; Version 1809; 64bit' Language: 'ru' Physical Memory: 7549 MB
BatchMode: 1, IsHumanControllingUs: 0, StartBugReporterOnCrash: 0, Is64bit: 1, IsPro: 0

 COMMAND LINE ARGUMENTS:
C:\Program Files\Unity\Hub\Editor\2020.3.4f1\Editor\Unity.exe
-adb2
-batchMode
-noUpm
-name
AssetImportWorker0
-projectPath
D:/UnityProjects/Circles&Cubes
-logFile
Logs/AssetImportWorker0.log
-srvPort
51015
Successfully changed project path to: D:/UnityProjects/Circles&Cubes
D:/UnityProjects/Circles&Cubes
Using Asset Import Pipeline V2.
Refreshing native plugins compatible for Editor in 34.41 ms, found 1 plugins.
Preloading 0 native plugins for Editor in 0.00 ms.
Initialize engine version: 2020.3.4f1 (0abb6314276a)
[Subsystems] Discovering subsystems at path C:/Program Files/Unity/Hub/Editor/2020.3.4f1/Editor/Data/Resources/UnitySubsystems
[Subsystems] Discovering subsystems at path D:/UnityProjects/Circles&Cubes/Assets
GfxDevice: creating device client; threaded=0
Direct3D:
    Version:  Direct3D 11.0 [level 11.1]
    Renderer: NVIDIA GeForce GTX 1650 (ID=0x1f99)
    Vendor:   
    VRAM:     3962 MB
    Driver:   30.0.14.9649
Initialize mono
Mono path[0] = 'C:/Program Files/Unity/Hub/Editor/2020.3.4f1/Editor/Data/Managed'
Mono path[1] = 'C:/Program Files/Unity/Hub/Editor/2020.3.4f1/Editor/Data/MonoBleedingEdge/lib/mono/unityjit'
Mono config path = 'C:/Program Files/Unity/Hub/Editor/2020.3.4f1/Editor/Data/MonoBleedingEdge/etc'
Using monoOptions --debugger-agent=transport=dt_socket,embedding=1,server=y,suspend=n,address=127.0.0.1:56916
Begin MonoManager ReloadAssembly
Registering precompiled unity dll's ...
Register platform support module: C:/Program Files/Unity/Hub/Editor/2020.3.4f1/Editor/Data/PlaybackEngines/WebGLSupport/UnityEditor.WebGL.Extensions.dll
Register platform support module: C:/Program Files/Unity/Hub/Editor/2020.3.4f1/Editor/Data/PlaybackEngines/WindowsStandaloneSupport/UnityEditor.WindowsStandalone.Extensions.dll
Registered in 0.001099 seconds.
Native extension for WindowsStandalone target not found
Native extension for WebGL target not found
Refreshing native plugins compatible for Editor in 35.43 ms, found 1 plugins.
Preloading 0 native plugins for Editor in 0.00 ms.
Mono: successfully reloaded assembly
- Completed reload, in  1.585 seconds
Platform modules already initialized, skipping
Registering precompiled user dll's ...
Registered in 0.000683 seconds.
Begin MonoManager ReloadAssembly
Native extension for WindowsStandalone target not found
Native extension for WebGL target not found
Refreshing native plugins compatible for Editor in 34.39 ms, found 1 plugins.
Preloading 0 native plugins for Editor in 0.00 ms.
Mono: successfully reloaded assembly
- Completed reload, in  0.813 seconds
Platform modules already initialized, skipping
========================================================================
Worker process is ready to serve import requests
Launched and connected shader compiler UnityShaderCompiler.exe after 0.04 seconds
Refreshing native plugins compatible for Editor in 0.35 ms, found 1 plugins.
Preloading 0 native plugins for Editor in 0.00 ms.
Unloading 1816 Unused Serialized files (Serialized files now loaded: 0)
System memory in use before: 85.2 MB.
System memory in use after: 85.1 MB.

Unloading 24 unused Assets to reduce memory usage. Loaded Objects now: 2259.
Total: 3.021700 ms (FindLiveObjects: 0.328400 ms CreateObjectMapping: 0.121400 ms MarkObjects: 2.446500 ms  DeleteObjects: 0.123700 ms)

========================================================================
Received Import Request.
  path: Assets/Prefabs/Levels/Level2.prefab
  artifactKey: Guid(773f3611fad21be45aed364ca387fb35) Importer(815301076,1909f56bfc062723c751e8b465ee728b)
Start importing Assets/Prefabs/Levels/Level2.prefab using Guid(773f3611fad21be45aed364ca387fb35) Importer(815301076,1909f56bfc062723c751e8b465ee728b)  -> (artifact id: 'fbd4dd9a1528f63d18ca94098eddef14') in 0.039439 seconds
  Import took 0.044784 seconds .

========================================================================
Received Import Request.
  Time since last request: 32.599724 seconds.
  path: Assets/Prefabs/Levels/Level3.prefab
  artifactKey: Guid(14c845683804cfb4c82234fbca1f6a99) Importer(815301076,1909f56bfc062723c751e8b465ee728b)
Start importing Assets/Prefabs/Levels/Level3.prefab using Guid(14c845683804cfb4c82234fbca1f6a99) Importer(815301076,1909f56bfc062723c751e8b465ee728b)  -> (artifact id: 'da9b702fe4f40ff6d0ec076360dc0c48') in 0.003551 seconds
  Import took 0.006938 seconds .

========================================================================
Received Import Request.
  Time since last request: 61.915490 seconds.
  path: Assets/Prefabs/Figures/Triangle.prefab
  artifactKey: Guid(d1f9c493dfea1754fa0b514036860063) Importer(815301076,1909f56bfc062723c751e8b465ee728b)
Start importing Assets/Prefabs/Figures/Triangle.prefab using Guid(d1f9c493dfea1754fa0b514036860063) Importer(815301076,1909f56bfc062723c751e8b465ee728b)  -> (artifact id: '70e4913198f74375f92ee239c6f02d46') in 0.002465 seconds
  Import took 0.005804 seconds .

========================================================================
Received Import Request.
  Time since last request: 2.014287 seconds.
  path: Assets/Prefabs/Figures/Triangle.prefab
  artifactKey: Guid(d1f9c493dfea1754fa0b514036860063) Importer(815301076,1909f56bfc062723c751e8b465ee728b)
Start importing Assets/Prefabs/Figures/Triangle.prefab using Guid(d1f9c493dfea1754fa0b514036860063) Importer(815301076,1909f56bfc062723c751e8b465ee728b)  -> (artifact id: '296d12b31f1bfef17605a25bc8d9752a') in 0.002328 seconds
  Import took 0.005738 seconds .

========================================================================
Received Import Request.
  Time since last request: 2.400858 seconds.
  path: Assets/Prefabs/Figures/Triangle.prefab
  artifactKey: Guid(d1f9c493dfea1754fa0b514036860063) Importer(815301076,1909f56bfc062723c751e8b465ee728b)
Start importing Assets/Prefabs/Figures/Triangle.prefab using Guid(d1f9c493dfea1754fa0b514036860063) Importer(815301076,1909f56bfc062723c751e8b465ee728b)  -> (artifact id: '8c14633425f785f1b918eb1ad5bc4728') in 0.002756 seconds
  Import took 0.006908 seconds .

========================================================================
Received Prepare
Refreshing native plugins compatible for Editor in 1.99 ms, found 1 plugins.
Preloading 0 native plugins for Editor in 0.00 ms.
Unloading 10 Unused Serialized files (Serialized files now loaded: 0)
System memory in use before: 49.7 MB.
System memory in use after: 49.6 MB.

Unloading 10 unused Assets to reduce memory usage. Loaded Objects now: 2259.
Total: 2.483100 ms (FindLiveObjects: 0.359000 ms CreateObjectMapping: 0.085900 ms MarkObjects: 1.921300 ms  DeleteObjects: 0.115000 ms)

========================================================================
Received Prepare
Refreshing native plugins compatible for Editor in 1.08 ms, found 1 plugins.
Preloading 0 native plugins for Editor in 0.00 ms.
Unloading 10 Unused Serialized files (Serialized files now loaded: 0)
System memory in use before: 49.7 MB.
System memory in use after: 49.6 MB.

Unloading 10 unused Assets to reduce memory usage. Loaded Objects now: 2259.
Total: 2.315300 ms (FindLiveObjects: 0.232100 ms CreateObjectMapping: 0.051600 ms MarkObjects: 1.920400 ms  DeleteObjects: 0.110000 ms)

AssetImportWorkerClient::OnTransportError - code=2 error=End of file
